2025-04-24 20:09:39 - logger - INFO - Workload started here

########################################################################################
Time of Logging: 2025-04-24 20:09:39
                       Transactions Total Pass Fail
           orders_ofcust_customdate     0    0    0
           summarise_orders_forcust     0    0    0
summarise_orders_forcust_customdate     0    0    0
                              Total     0    0    0
------------------------------------------------------------------------------------------
2025-04-24 20:09:39 - logger - INFO - No order has been placed by customer 13692
2025-04-24 20:09:39 - logger - INFO - No order has been placed by customer 13947
2025-04-24 20:09:39 - logger - INFO - No order has been placed by customer 15262
2025-04-24 20:09:39 - logger - INFO - No order has been placed by customer 12387
2025-04-24 20:09:39 - logger - INFO - No order has been placed by customer 14927
2025-04-24 20:09:39 - logger - INFO - No order has been placed by customer 14496
2025-04-24 20:09:39 - logger - INFO - Order summary for customer 10606 was requested, successfully provided
2025-04-24 20:09:39 - logger - INFO - No order has been placed by customer 11847
2025-04-24 20:09:39 - logger - INFO - No order has been placed by customer 11516
2025-04-24 20:09:39 - logger - INFO - No order has been placed by customer 9443
2025-04-24 20:09:39 - logger - INFO - No order has been placed by customer 9658
2025-04-24 20:09:39 - logger - INFO - No order has been placed by customer 11619
2025-04-24 20:09:39 - logger - INFO - No order has been placed by customer 14587
2025-04-24 20:09:39 - logger - INFO - No order has been placed by customer 11734
2025-04-24 20:09:39 - logger - INFO - No order has been placed by customer 12859
2025-04-24 20:09:39 - logger - INFO - Order summary for customer 14944 was requested, successfully provided
2025-04-24 20:09:39 - logger - INFO - No order has been placed by customer 9038
2025-04-24 20:09:39 - logger - INFO - No order has been placed by customer 10080
2025-04-24 20:09:39 - logger - INFO - No order has been placed by customer 15019
2025-04-24 20:09:39 - logger - INFO - No order has been placed by customer 10437
2025-04-24 20:09:39 - logger - INFO - No order has been placed by customer 9630
2025-04-24 20:09:39 - logger - INFO - No order has been placed by customer 16109
2025-04-24 20:09:39 - logger - INFO - No order has been placed by customer 15030
2025-04-24 20:09:39 - logger - INFO - No order has been placed by customer 9416
2025-04-24 20:09:39 - logger - INFO - No order has been placed by customer 11042
2025-04-24 20:09:39 - logger - INFO - No order has been placed by customer 13042
2025-04-24 20:09:39 - logger - INFO - No order has been placed by customer 11842
2025-04-24 20:09:39 - logger - INFO - No order has been placed by customer 14188
2025-04-24 20:09:39 - logger - INFO - No order has been placed by customer 9882
2025-04-24 20:09:39 - logger - INFO - No order has been placed by customer 12090
2025-04-24 20:09:39 - logger - INFO - No order has been placed by customer 10213
2025-04-24 20:09:39 - logger - INFO - No order has been placed by customer 12699
2025-04-24 20:09:39 - logger - INFO - No order has been placed by customer 15421
2025-04-24 20:09:39 - logger - INFO - No order has been placed by customer 13058
2025-04-24 20:09:39 - logger - INFO - No order has been placed by customer 12683
2025-04-24 20:09:39 - logger - INFO - No order has been placed by customer 11261
2025-04-24 20:09:39 - logger - INFO - No order has been placed by customer 16172
2025-04-24 20:09:39 - logger - INFO - Order summary for customer 9011 was requested, successfully provided
2025-04-24 20:09:39 - logger - INFO - No order has been placed by customer 13683
2025-04-24 20:09:39 - logger - INFO - No order has been placed by customer 16361
2025-04-24 20:09:39 - logger - INFO - No order has been placed by customer 12794
2025-04-24 20:09:39 - logger - INFO - No order has been placed by customer 15117
2025-04-24 20:09:39 - logger - INFO - No order has been placed by customer 11886
2025-04-24 20:09:39 - logger - INFO - No order has been placed by customer 9162
2025-04-24 20:09:39 - logger - INFO - No order has been placed by customer 10688
2025-04-24 20:09:39 - logger - INFO - No order has been placed by customer 9087
2025-04-24 20:09:39 - logger - INFO - No order has been placed by customer 15144
2025-04-24 20:09:39 - logger - INFO - No order has been placed by customer 11764
2025-04-24 20:09:39 - logger - INFO - No order has been placed by customer 15304
2025-04-24 20:09:39 - logger - INFO - No order has been placed by customer 15210
2025-04-24 20:09:39 - logger - INFO - No order has been placed by customer 10165
2025-04-24 20:09:39 - logger - INFO - No order has been placed by customer 16050
2025-04-24 20:09:39 - logger - INFO - No order has been placed by customer 16385
2025-04-24 20:09:39 - logger - INFO - No order has been placed by customer 11741
2025-04-24 20:09:39 - logger - INFO - No order has been placed by customer 13629
2025-04-24 20:09:39 - logger - INFO - No order has been placed by customer 14910
2025-04-24 20:09:39 - logger - INFO - No order has been placed by customer 14274
2025-04-24 20:09:39 - logger - INFO - No order has been placed by customer 12580
2025-04-24 20:09:39 - logger - INFO - No order has been placed by customer 11689
2025-04-24 20:09:39 - logger - INFO - No order has been placed by customer 9530
2025-04-24 20:09:39 - logger - INFO - No order has been placed by customer 12603
2025-04-24 20:09:39 - logger - INFO - No order has been placed by customer 14685
2025-04-24 20:09:39 - logger - INFO - No order has been placed by customer 11555
2025-04-24 20:09:39 - logger - INFO - No order has been placed by customer 14979
2025-04-24 20:09:39 - logger - INFO - No order has been placed by customer 8806
2025-04-24 20:09:39 - logger - INFO - No order has been placed by customer 16366
2025-04-24 20:09:39 - logger - INFO - No order has been placed by customer 11214
2025-04-24 20:09:39 - logger - INFO - No order has been placed by customer 14320
2025-04-24 20:09:39 - logger - INFO - No order has been placed by customer 11481
2025-04-24 20:09:39 - logger - INFO - No order has been placed by customer 10332
2025-04-24 20:09:39 - logger - INFO - No order has been placed by customer 9550
2025-04-24 20:09:39 - logger - INFO - No order has been placed by customer 15218
2025-04-24 20:09:39 - logger - INFO - No order has been placed by customer 16436
2025-04-24 20:09:39 - logger - INFO - No order has been placed by customer 15680
2025-04-24 20:09:39 - logger - INFO - No order has been placed by customer 11159
2025-04-24 20:09:39 - logger - INFO - No order has been placed by customer 13618
2025-04-24 20:09:39 - logger - INFO - No order has been placed by customer 8708
2025-04-24 20:09:39 - logger - INFO - No order has been placed by customer 14396
2025-04-24 20:09:39 - logger - INFO - No order has been placed by customer 8928
2025-04-24 20:09:39 - logger - INFO - No order has been placed by customer 11483
2025-04-24 20:09:39 - logger - INFO - No order has been placed by customer 9714
2025-04-24 20:09:39 - logger - INFO - No order has been placed by customer 15372
2025-04-24 20:09:39 - logger - INFO - No order has been placed by customer 15590
2025-04-24 20:09:39 - logger - INFO - No order has been placed by customer 14395
2025-04-24 20:09:39 - logger - INFO - No order has been placed by customer 12480
2025-04-24 20:09:39 - logger - INFO - Order summary for customer 12807 was requested, successfully provided
2025-04-24 20:09:39 - logger - INFO - No order has been placed by customer 16053
2025-04-24 20:09:39 - logger - INFO - No order has been placed by customer 16369
2025-04-24 20:09:39 - logger - INFO - No order has been placed by customer 12156
2025-04-24 20:09:39 - logger - INFO - No order has been placed by customer 11236
2025-04-24 20:09:39 - logger - INFO - No order has been placed by customer 10392
2025-04-24 20:09:39 - logger - INFO - No order has been placed by customer 12224
2025-04-24 20:09:39 - logger - INFO - No order has been placed by customer 13939
2025-04-24 20:09:39 - logger - INFO - No order has been placed by customer 11661
2025-04-24 20:09:39 - logger - INFO - No order has been placed by customer 14634
2025-04-24 20:09:39 - logger - INFO - No order has been placed by customer 10196
2025-04-24 20:09:39 - logger - INFO - No order has been placed by customer 14914
2025-04-24 20:09:39 - logger - INFO - No order has been placed by customer 10728
2025-04-24 20:09:39 - logger - INFO - No order has been placed by customer 11042
2025-04-24 20:09:39 - logger - INFO - No order has been placed by customer 14672
2025-04-24 20:09:39 - logger - INFO - No order has been placed by customer 10833
2025-04-24 20:09:39 - logger - INFO - No order has been placed by customer 10665
2025-04-24 20:09:39 - logger - INFO - No order has been placed by customer 14247
2025-04-24 20:09:39 - logger - INFO - No order has been placed by customer 13828
2025-04-24 20:09:39 - logger - INFO - No order has been placed by customer 15788
2025-04-24 20:09:39 - logger - INFO - No order has been placed by customer 14752
2025-04-24 20:09:39 - logger - INFO - No order has been placed by customer 8757
2025-04-24 20:09:39 - logger - INFO - No order has been placed by customer 11869
2025-04-24 20:09:39 - logger - INFO - No order has been placed by customer 8682
2025-04-24 20:09:39 - logger - INFO - No order has been placed by customer 11493
2025-04-24 20:09:39 - logger - INFO - No order has been placed by customer 15237
2025-04-24 20:09:39 - logger - INFO - No order has been placed by customer 16491
2025-04-24 20:09:39 - logger - INFO - No order has been placed by customer 9967
2025-04-24 20:09:39 - logger - INFO - No order has been placed by customer 16436
2025-04-24 20:09:39 - logger - INFO - No order has been placed by customer 12225
2025-04-24 20:09:39 - logger - INFO - No order has been placed by customer 14220
2025-04-24 20:09:39 - logger - INFO - No order has been placed by customer 16363
2025-04-24 20:09:39 - logger - INFO - No order has been placed by customer 13208
2025-04-24 20:09:39 - logger - INFO - No order has been placed by customer 16597
2025-04-24 20:09:39 - logger - INFO - No order has been placed by customer 15220
2025-04-24 20:09:39 - logger - INFO - No order has been placed by customer 10196
2025-04-24 20:09:39 - logger - INFO - No order has been placed by customer 9317
2025-04-24 20:09:39 - logger - INFO - No order has been placed by customer 13098
2025-04-24 20:09:39 - logger - INFO - No order has been placed by customer 11664
2025-04-24 20:09:39 - logger - INFO - No order has been placed by customer 14081
2025-04-24 20:09:39 - logger - INFO - No order has been placed by customer 14748
2025-04-24 20:09:39 - logger - INFO - No order has been placed by customer 10553
2025-04-24 20:09:39 - logger - INFO - No order has been placed by customer 14362
2025-04-24 20:09:39 - logger - INFO - No order has been placed by customer 14442
2025-04-24 20:09:39 - logger - INFO - No order has been placed by customer 12159
2025-04-24 20:09:39 - logger - INFO - No order has been placed by customer 11197
2025-04-24 20:09:39 - logger - INFO - No order has been placed by customer 12253
2025-04-24 20:09:39 - logger - INFO - No order has been placed by customer 9322
2025-04-24 20:09:39 - logger - INFO - No order has been placed by customer 9184
2025-04-24 20:09:39 - logger - INFO - No order has been placed by customer 15579
2025-04-24 20:09:39 - logger - INFO - Order summary for customer 10550 was requested, successfully provided
2025-04-24 20:09:39 - logger - INFO - No order has been placed by customer 11317
2025-04-24 20:09:39 - logger - INFO - No order has been placed by customer 12048
2025-04-24 20:09:39 - logger - INFO - No order has been placed by customer 15195
2025-04-24 20:09:39 - logger - INFO - No order has been placed by customer 15291
2025-04-24 20:09:39 - logger - INFO - No order has been placed by customer 11549
2025-04-24 20:09:39 - logger - INFO - No order has been placed by customer 14311
2025-04-24 20:09:39 - logger - INFO - No order has been placed by customer 10565
2025-04-24 20:09:39 - logger - INFO - No order has been placed by customer 15890
2025-04-24 20:09:39 - logger - INFO - No order has been placed by customer 11249
2025-04-24 20:09:39 - logger - INFO - No order has been placed by customer 9799
2025-04-24 20:09:39 - logger - INFO - No order has been placed by customer 13601
2025-04-24 20:09:39 - logger - INFO - No order has been placed by customer 9356
2025-04-24 20:09:39 - logger - INFO - No order has been placed by customer 15940
2025-04-24 20:09:39 - logger - INFO - No order has been placed by customer 14815
2025-04-24 20:09:39 - logger - INFO - No order has been placed by customer 12533
2025-04-24 20:09:39 - logger - INFO - No order has been placed by customer 14012
2025-04-24 20:09:39 - logger - INFO - No order has been placed by customer 10592
2025-04-24 20:09:39 - logger - INFO - No order has been placed by customer 8877
2025-04-24 20:09:39 - logger - INFO - No order has been placed by customer 9837
2025-04-24 20:09:39 - logger - INFO - No order has been placed by customer 14447
2025-04-24 20:09:39 - logger - INFO - No order has been placed by customer 12637
2025-04-24 20:09:39 - logger - INFO - No order has been placed by customer 11110
2025-04-24 20:09:39 - logger - INFO - No order has been placed by customer 10813
2025-04-24 20:09:39 - logger - INFO - Order summary for customer 14726 was requested, successfully provided
2025-04-24 20:09:39 - logger - INFO - No order has been placed by customer 13761
2025-04-24 20:09:39 - logger - INFO - No order has been placed by customer 8926
2025-04-24 20:09:39 - logger - INFO - No order has been placed by customer 12032
2025-04-24 20:09:39 - logger - INFO - No order has been placed by customer 10109
2025-04-24 20:09:39 - logger - INFO - No order has been placed by customer 15811
2025-04-24 20:09:39 - logger - INFO - No order has been placed by customer 15675
2025-04-24 20:09:39 - logger - INFO - No order has been placed by customer 14191
2025-04-24 20:09:39 - logger - INFO - No order has been placed by customer 13557
2025-04-24 20:09:39 - logger - INFO - No order has been placed by customer 9668
2025-04-24 20:09:39 - logger - INFO - No order has been placed by customer 12652
2025-04-24 20:09:39 - logger - INFO - No order has been placed by customer 9470
2025-04-24 20:09:39 - logger - INFO - No order has been placed by customer 11988
2025-04-24 20:09:39 - logger - INFO - No order has been placed by customer 15830
2025-04-24 20:09:39 - logger - INFO - No order has been placed by customer 10931
2025-04-24 20:09:39 - logger - INFO - No order has been placed by customer 11828
2025-04-24 20:09:39 - logger - INFO - No order has been placed by customer 14385
2025-04-24 20:09:39 - logger - INFO - No order has been placed by customer 11193
2025-04-24 20:09:39 - logger - INFO - No order has been placed by customer 13474
2025-04-24 20:09:39 - logger - INFO - Order summary for customer 12916 was requested, successfully provided
2025-04-24 20:09:39 - logger - INFO - No order has been placed by customer 9906
2025-04-24 20:09:39 - logger - INFO - No order has been placed by customer 16500
2025-04-24 20:09:39 - logger - INFO - No order has been placed by customer 16321
2025-04-24 20:09:39 - logger - INFO - No order has been placed by customer 10097
2025-04-24 20:09:39 - logger - INFO - Order summary for customer 14603 was requested, successfully provided
2025-04-24 20:09:39 - logger - INFO - No order has been placed by customer 14607
2025-04-24 20:09:39 - logger - INFO - No order has been placed by customer 10142
2025-04-24 20:09:39 - logger - INFO - No order has been placed by customer 11047
2025-04-24 20:09:39 - logger - INFO - No order has been placed by customer 12819
2025-04-24 20:09:39 - logger - INFO - No order has been placed by customer 15890
2025-04-24 20:09:39 - logger - INFO - No order has been placed by customer 15379
2025-04-24 20:09:39 - logger - INFO - No order has been placed by customer 16290
2025-04-24 20:09:39 - logger - INFO - No order has been placed by customer 15607
2025-04-24 20:09:39 - logger - INFO - No order has been placed by customer 12131
2025-04-24 20:09:39 - logger - INFO - No order has been placed by customer 15265
2025-04-24 20:09:39 - logger - INFO - No order has been placed by customer 15171
2025-04-24 20:09:39 - logger - INFO - No order has been placed by customer 13303
2025-04-24 20:09:39 - logger - INFO - No order has been placed by customer 12561
2025-04-24 20:09:39 - logger - INFO - No order has been placed by customer 14904
2025-04-24 20:09:39 - logger - INFO - No order has been placed by customer 15181
2025-04-24 20:09:39 - logger - INFO - No order has been placed by customer 13171
2025-04-24 20:09:39 - logger - INFO - No order has been placed by customer 9980
2025-04-24 20:09:39 - logger - INFO - No order has been placed by customer 9385
2025-04-24 20:09:39 - logger - INFO - No order has been placed by customer 8996
2025-04-24 20:09:39 - logger - INFO - No order has been placed by customer 14656
2025-04-24 20:09:39 - logger - INFO - No order has been placed by customer 14260
2025-04-24 20:09:39 - logger - INFO - No order has been placed by customer 12931
2025-04-24 20:09:39 - logger - INFO - No order has been placed by customer 11737
2025-04-24 20:09:39 - logger - INFO - No order has been placed by customer 10617
2025-04-24 20:09:39 - logger - INFO - No order has been placed by customer 10838
2025-04-24 20:09:39 - logger - INFO - No order has been placed by customer 12128
2025-04-24 20:09:39 - logger - INFO - No order has been placed by customer 13797
2025-04-24 20:09:39 - logger - INFO - No order has been placed by customer 10518
2025-04-24 20:09:39 - logger - INFO - No order has been placed by customer 13223
2025-04-24 20:09:39 - logger - INFO - No order has been placed by customer 11669
2025-04-24 20:09:39 - logger - INFO - No order has been placed by customer 16177
2025-04-24 20:09:39 - logger - INFO - No order has been placed by customer 11779
2025-04-24 20:09:39 - logger - INFO - Order summary for customer 9368 was requested, successfully provided
2025-04-24 20:09:39 - logger - INFO - No order has been placed by customer 16214
2025-04-24 20:09:39 - logger - INFO - No order has been placed by customer 12005
2025-04-24 20:09:39 - logger - INFO - No order has been placed by customer 16157
2025-04-24 20:09:39 - logger - INFO - No order has been placed by customer 9390
2025-04-24 20:09:39 - logger - INFO - No order has been placed by customer 8569
2025-04-24 20:09:39 - logger - INFO - No order has been placed by customer 10530
2025-04-24 20:09:39 - logger - INFO - No order has been placed by customer 12380
2025-04-24 20:09:39 - logger - INFO - No order has been placed by customer 14203
2025-04-24 20:09:39 - logger - INFO - No order has been placed by customer 16141
2025-04-24 20:09:39 - logger - INFO - No order has been placed by customer 13357
2025-04-24 20:09:39 - logger - INFO - No order has been placed by customer 10981
2025-04-24 20:09:39 - logger - INFO - No order has been placed by customer 9284
2025-04-24 20:09:39 - logger - INFO - Order summary for customer 11643 was requested, successfully provided
2025-04-24 20:09:39 - logger - INFO - No order has been placed by customer 12774
2025-04-24 20:09:39 - logger - INFO - No order has been placed by customer 11169
2025-04-24 20:09:39 - logger - INFO - No order has been placed by customer 13816
2025-04-24 20:09:39 - logger - INFO - No order has been placed by customer 12843
2025-04-24 20:09:39 - logger - INFO - No order has been placed by customer 15608
2025-04-24 20:09:39 - logger - INFO - No order has been placed by customer 11858
2025-04-24 20:09:39 - logger - INFO - No order has been placed by customer 14298
2025-04-24 20:09:39 - logger - INFO - No order has been placed by customer 9157
2025-04-24 20:09:39 - logger - INFO - No order has been placed by customer 14307
2025-04-24 20:09:39 - logger - INFO - No order has been placed by customer 14239
2025-04-24 20:09:39 - logger - INFO - No order has been placed by customer 14553
2025-04-24 20:09:39 - logger - INFO - No order has been placed by customer 15780
2025-04-24 20:09:39 - logger - INFO - No order has been placed by customer 13918
2025-04-24 20:09:39 - logger - INFO - No order has been placed by customer 15923
2025-04-24 20:09:39 - logger - INFO - Order summary for customer 12176 was requested, successfully provided
2025-04-24 20:09:39 - logger - INFO - No order has been placed by customer 12748
2025-04-24 20:09:39 - logger - INFO - No order has been placed by customer 14756
2025-04-24 20:09:39 - logger - INFO - No order has been placed by customer 12396
2025-04-24 20:09:39 - logger - INFO - No order has been placed by customer 12974
2025-04-24 20:09:39 - logger - INFO - No order has been placed by customer 16262
2025-04-24 20:09:39 - logger - INFO - No order has been placed by customer 15566
2025-04-24 20:09:39 - logger - INFO - Order summary for customer 11643 was requested, successfully provided
2025-04-24 20:09:39 - logger - INFO - No order has been placed by customer 10002
2025-04-24 20:09:39 - logger - INFO - No order has been placed by customer 10302
2025-04-24 20:09:39 - logger - INFO - No order has been placed by customer 15027
2025-04-24 20:09:39 - logger - INFO - No order has been placed by customer 16203
2025-04-24 20:09:39 - logger - INFO - No order has been placed by customer 16202
2025-04-24 20:09:39 - logger - INFO - No order has been placed by customer 11712
2025-04-24 20:09:39 - logger - INFO - No order has been placed by customer 13278
2025-04-24 20:09:39 - logger - INFO - No order has been placed by customer 12079
2025-04-24 20:09:39 - logger - INFO - Order summary for customer 14182 was requested, successfully provided
2025-04-24 20:09:39 - logger - INFO - No order has been placed by customer 15233
2025-04-24 20:09:39 - logger - INFO - No order has been placed by customer 11836
2025-04-24 20:09:39 - logger - INFO - No order has been placed by customer 13142
2025-04-24 20:09:39 - logger - INFO - No order has been placed by customer 13476
2025-04-24 20:09:39 - logger - INFO - No order has been placed by customer 12428
2025-04-24 20:09:39 - logger - INFO - No order has been placed by customer 11234
2025-04-24 20:09:39 - logger - INFO - No order has been placed by customer 10056
2025-04-24 20:09:39 - logger - INFO - No order has been placed by customer 16002
2025-04-24 20:09:40 - logger - INFO - Order summary for customer 10557 was requested, successfully provided
2025-04-24 20:09:40 - logger - INFO - Order summary for customer 12576 was requested, successfully provided
2025-04-24 20:09:40 - logger - INFO - No order has been placed by customer 15730
2025-04-24 20:09:40 - logger - INFO - No order has been placed by customer 14551
2025-04-24 20:09:40 - logger - INFO - No order has been placed by customer 10519
2025-04-24 20:09:40 - logger - INFO - No order has been placed by customer 15577
2025-04-24 20:09:40 - logger - INFO - No order has been placed by customer 14668
2025-04-24 20:09:40 - logger - INFO - No order has been placed by customer 9581
2025-04-24 20:09:40 - logger - INFO - No order has been placed by customer 10855
2025-04-24 20:09:40 - logger - INFO - No order has been placed by customer 12644
2025-04-24 20:09:40 - logger - INFO - No order has been placed by customer 14610
2025-04-24 20:09:40 - logger - INFO - No order has been placed by customer 14314
2025-04-24 20:09:40 - logger - INFO - Order summary for customer 10579 was requested, successfully provided
2025-04-24 20:09:40 - logger - INFO - No order has been placed by customer 13497
2025-04-24 20:09:40 - logger - INFO - No order has been placed by customer 13500
2025-04-24 20:09:40 - logger - INFO - No order has been placed by customer 12124
2025-04-24 20:09:40 - logger - INFO - No order has been placed by customer 10184
2025-04-24 20:09:40 - logger - INFO - No order has been placed by customer 10653
2025-04-24 20:09:40 - logger - INFO - No order has been placed by customer 11913
2025-04-24 20:09:40 - logger - INFO - No order has been placed by customer 9795
2025-04-24 20:09:40 - logger - INFO - No order has been placed by customer 10495
2025-04-24 20:09:40 - logger - INFO - No order has been placed by customer 8822
2025-04-24 20:09:40 - logger - INFO - No order has been placed by customer 9386
2025-04-24 20:09:40 - logger - INFO - No order has been placed by customer 13282
2025-04-24 20:09:40 - logger - INFO - No order has been placed by customer 11220
2025-04-24 20:09:40 - logger - INFO - No order has been placed by customer 10326
2025-04-24 20:09:40 - logger - INFO - No order has been placed by customer 12794
2025-04-24 20:09:40 - logger - INFO - No order has been placed by customer 9951
2025-04-24 20:09:40 - logger - INFO - No order has been placed by customer 12150
2025-04-24 20:09:40 - logger - INFO - No order has been placed by customer 13544
2025-04-24 20:09:40 - logger - INFO - No order has been placed by customer 16577
2025-04-24 20:09:40 - logger - INFO - No order has been placed by customer 9994
2025-04-24 20:09:40 - logger - INFO - No order has been placed by customer 11512
2025-04-24 20:09:40 - logger - INFO - No order has been placed by customer 11753
2025-04-24 20:09:40 - logger - INFO - Order summary for customer 12916 was requested, successfully provided
2025-04-24 20:09:40 - logger - INFO - Order summary for customer 9120 was requested, successfully provided
2025-04-24 20:09:40 - logger - INFO - No order has been placed by customer 11688
2025-04-24 20:09:40 - logger - INFO - No order has been placed by customer 10313
2025-04-24 20:09:40 - logger - INFO - No order has been placed by customer 12775
2025-04-24 20:09:40 - logger - INFO - Order summary for customer 14199 was requested, successfully provided
2025-04-24 20:09:40 - logger - INFO - No order has been placed by customer 10129
2025-04-24 20:09:40 - logger - INFO - No order has been placed by customer 14627
2025-04-24 20:09:40 - logger - INFO - No order has been placed by customer 10080
2025-04-24 20:09:40 - logger - INFO - No order has been placed by customer 10220
2025-04-24 20:09:40 - logger - INFO - No order has been placed by customer 13715
2025-04-24 20:09:40 - logger - INFO - No order has been placed by customer 10059
2025-04-24 20:09:40 - logger - INFO - Order summary for customer 16397 was requested, successfully provided
2025-04-24 20:09:40 - logger - INFO - No order has been placed by customer 12314
2025-04-24 20:09:40 - logger - INFO - No order has been placed by customer 13994
2025-04-24 20:09:40 - logger - INFO - No order has been placed by customer 16181
2025-04-24 20:09:40 - logger - INFO - No order has been placed by customer 12074
2025-04-24 20:09:40 - logger - INFO - Order summary for customer 11348 was requested, successfully provided
2025-04-24 20:09:40 - logger - INFO - No order has been placed by customer 12323
2025-04-24 20:09:40 - logger - INFO - No order has been placed by customer 10008
2025-04-24 20:09:40 - logger - INFO - No order has been placed by customer 9327
2025-04-24 20:09:40 - logger - INFO - No order has been placed by customer 11514
2025-04-24 20:09:40 - logger - INFO - No order has been placed by customer 9082
2025-04-24 20:09:40 - logger - INFO - No order has been placed by customer 11658
2025-04-24 20:09:40 - logger - INFO - No order has been placed by customer 11083
2025-04-24 20:09:40 - logger - INFO - No order has been placed by customer 16574
2025-04-24 20:09:40 - logger - INFO - No order has been placed by customer 12829
2025-04-24 20:09:40 - logger - INFO - No order has been placed by customer 15104
2025-04-24 20:09:40 - logger - INFO - No order has been placed by customer 11709
2025-04-24 20:09:40 - logger - INFO - No order has been placed by customer 10829
2025-04-24 20:09:40 - logger - INFO - No order has been placed by customer 13348
2025-04-24 20:09:40 - logger - INFO - full order summary for customer 16493 was requested. Successfully provided
2025-04-24 20:09:40 - logger - INFO - No order has been placed by customer 11551
2025-04-24 20:09:40 - logger - INFO - No order has been placed by customer 9430
2025-04-24 20:09:40 - logger - INFO - No order has been placed by customer 10570
2025-04-24 20:09:40 - logger - INFO - No order has been placed by customer 14547
2025-04-24 20:09:40 - logger - INFO - No order has been placed by customer 15446
2025-04-24 20:09:40 - logger - INFO - No order has been placed by customer 13707
2025-04-24 20:09:40 - logger - INFO - No order has been placed by customer 14352
2025-04-24 20:09:40 - logger - INFO - No order has been placed by customer 14452
2025-04-24 20:09:40 - logger - INFO - No order has been placed by customer 13922
2025-04-24 20:09:40 - logger - INFO - No order has been placed by customer 13432
2025-04-24 20:09:40 - logger - INFO - No order has been placed by customer 13983
2025-04-24 20:09:40 - logger - INFO - No order has been placed by customer 13265
2025-04-24 20:09:40 - logger - INFO - No order has been placed by customer 10207
2025-04-24 20:09:40 - logger - INFO - No order has been placed by customer 11063
2025-04-24 20:09:40 - logger - INFO - No order has been placed by customer 13122
2025-04-24 20:09:40 - logger - INFO - No order has been placed by customer 10294
2025-04-24 20:09:40 - logger - INFO - No order has been placed by customer 14802
2025-04-24 20:09:40 - logger - INFO - No order has been placed by customer 13658
2025-04-24 20:09:40 - logger - INFO - No order has been placed by customer 11118
2025-04-24 20:09:40 - logger - INFO - No order has been placed by customer 8915
2025-04-24 20:09:40 - logger - INFO - No order has been placed by customer 10869
2025-04-24 20:09:40 - logger - INFO - No order has been placed by customer 12942
2025-04-24 20:09:40 - logger - INFO - No order has been placed by customer 14582
2025-04-24 20:09:40 - logger - INFO - No order has been placed by customer 11686
2025-04-24 20:09:40 - logger - INFO - No order has been placed by customer 11907
2025-04-24 20:09:40 - logger - INFO - full order summary for customer 12729 was requested. Successfully provided
2025-04-24 20:09:40 - logger - INFO - No order has been placed by customer 14222
2025-04-24 20:09:40 - logger - INFO - No order has been placed by customer 14822
2025-04-24 20:09:40 - logger - INFO - No order has been placed by customer 9611
2025-04-24 20:09:40 - logger - INFO - No order has been placed by customer 12144
2025-04-24 20:09:40 - logger - INFO - No order has been placed by customer 9399
2025-04-24 20:09:40 - logger - INFO - full order summary for customer 10362 was requested. Successfully provided
2025-04-24 20:09:40 - logger - INFO - No order has been placed by customer 15814
2025-04-24 20:09:40 - logger - INFO - No order has been placed by customer 15620
2025-04-24 20:09:40 - logger - INFO - No order has been placed by customer 12752
2025-04-24 20:09:40 - logger - INFO - No order has been placed by customer 12309
2025-04-24 20:09:40 - logger - INFO - No order has been placed by customer 9001
2025-04-24 20:09:40 - logger - INFO - No order has been placed by customer 15788
2025-04-24 20:09:40 - logger - INFO - No order has been placed by customer 14018
2025-04-24 20:09:40 - logger - INFO - No order has been placed by customer 12967
2025-04-24 20:09:40 - logger - INFO - No order has been placed by customer 15313
2025-04-24 20:09:40 - logger - INFO - No order has been placed by customer 13204
2025-04-24 20:09:40 - logger - INFO - No order has been placed by customer 10027
2025-04-24 20:09:40 - logger - INFO - No order has been placed by customer 10859
2025-04-24 20:09:40 - logger - INFO - No order has been placed by customer 11531
2025-04-24 20:09:40 - logger - INFO - No order has been placed by customer 14256
2025-04-24 20:09:40 - logger - INFO - No order has been placed by customer 15285
2025-04-24 20:09:40 - logger - INFO - No order has been placed by customer 9572
2025-04-24 20:09:40 - logger - INFO - No order has been placed by customer 13479
2025-04-24 20:09:40 - logger - INFO - full order summary for customer 12809 was requested. Successfully provided
2025-04-24 20:09:40 - logger - INFO - No order has been placed by customer 10596
2025-04-24 20:09:40 - logger - INFO - No order has been placed by customer 15722
2025-04-24 20:09:40 - logger - INFO - No order has been placed by customer 16334
2025-04-24 20:09:40 - logger - INFO - No order has been placed by customer 14551
2025-04-24 20:09:40 - logger - INFO - No order has been placed by customer 13961
2025-04-24 20:09:40 - logger - INFO - No order has been placed by customer 14979
2025-04-24 20:09:40 - logger - INFO - No order has been placed by customer 16118
2025-04-24 20:09:40 - logger - INFO - No order has been placed by customer 13663
2025-04-24 20:09:40 - logger - INFO - No order has been placed by customer 11905
2025-04-24 20:09:40 - logger - INFO - No order has been placed by customer 13222
2025-04-24 20:09:40 - logger - INFO - No order has been placed by customer 12452
2025-04-24 20:09:40 - logger - INFO - No order has been placed by customer 12620
2025-04-24 20:09:40 - logger - INFO - No order has been placed by customer 10973
2025-04-24 20:09:40 - logger - INFO - No order has been placed by customer 16287
2025-04-24 20:09:40 - logger - INFO - No order has been placed by customer 10132
2025-04-24 20:09:40 - logger - INFO - No order has been placed by customer 9800
2025-04-24 20:09:40 - logger - INFO - No order has been placed by customer 11673
2025-04-24 20:09:40 - logger - INFO - full order summary for customer 14552 was requested. Successfully provided
2025-04-24 20:09:40 - logger - INFO - No order has been placed by customer 15279
2025-04-24 20:09:40 - logger - INFO - No order has been placed by customer 13087
2025-04-24 20:09:40 - logger - INFO - full order summary for customer 8574 was requested. Successfully provided
2025-04-24 20:09:40 - logger - INFO - full order summary for customer 10206 was requested. Successfully provided
2025-04-24 20:09:40 - logger - INFO - No order has been placed by customer 14300
2025-04-24 20:09:40 - logger - INFO - No order has been placed by customer 10664
2025-04-24 20:09:40 - logger - INFO - No order has been placed by customer 9166
2025-04-24 20:09:40 - logger - INFO - No order has been placed by customer 10060
2025-04-24 20:09:40 - logger - INFO - No order has been placed by customer 11635
2025-04-24 20:09:40 - logger - INFO - No order has been placed by customer 9131
2025-04-24 20:09:40 - logger - INFO - No order has been placed by customer 12998
2025-04-24 20:09:40 - logger - INFO - No order has been placed by customer 8843
2025-04-24 20:09:40 - logger - INFO - No order has been placed by customer 11247
2025-04-24 20:09:40 - logger - INFO - No order has been placed by customer 10147
2025-04-24 20:09:40 - logger - INFO - No order has been placed by customer 16424
2025-04-24 20:09:40 - logger - INFO - No order has been placed by customer 11011
2025-04-24 20:09:40 - logger - INFO - No order has been placed by customer 10982
2025-04-24 20:09:40 - logger - INFO - No order has been placed by customer 12730
2025-04-24 20:09:40 - logger - INFO - No order has been placed by customer 15211
2025-04-24 20:09:40 - logger - INFO - No order has been placed by customer 11005
2025-04-24 20:09:40 - logger - INFO - No order has been placed by customer 9225
2025-04-24 20:09:40 - logger - INFO - No order has been placed by customer 8959
2025-04-24 20:09:40 - logger - INFO - No order has been placed by customer 11700
2025-04-24 20:09:40 - logger - INFO - No order has been placed by customer 11176
2025-04-24 20:09:40 - logger - INFO - No order has been placed by customer 11289
2025-04-24 20:09:40 - logger - INFO - No order has been placed by customer 12911
2025-04-24 20:09:40 - logger - INFO - No order has been placed by customer 10436
2025-04-24 20:09:40 - logger - INFO - No order has been placed by customer 15045
2025-04-24 20:09:40 - logger - INFO - No order has been placed by customer 14236
2025-04-24 20:09:40 - logger - INFO - No order has been placed by customer 10117
2025-04-24 20:09:40 - logger - INFO - No order has been placed by customer 12719
2025-04-24 20:09:40 - logger - INFO - No order has been placed by customer 14030
2025-04-24 20:09:40 - logger - INFO - No order has been placed by customer 10339
2025-04-24 20:09:40 - logger - INFO - No order has been placed by customer 12866
2025-04-24 20:09:40 - logger - INFO - No order has been placed by customer 15360
2025-04-24 20:09:40 - logger - INFO - No order has been placed by customer 12590
2025-04-24 20:09:40 - logger - INFO - No order has been placed by customer 14458
2025-04-24 20:09:40 - logger - INFO - No order has been placed by customer 12277
2025-04-24 20:09:40 - logger - INFO - No order has been placed by customer 10759
2025-04-24 20:09:40 - logger - INFO - No order has been placed by customer 16227
2025-04-24 20:09:40 - logger - INFO - No order has been placed by customer 12436
2025-04-24 20:09:40 - logger - INFO - full order summary for customer 13318 was requested. Successfully provided
2025-04-24 20:09:40 - logger - INFO - No order has been placed by customer 12730
2025-04-24 20:09:40 - logger - INFO - No order has been placed by customer 14577
2025-04-24 20:09:40 - logger - INFO - No order has been placed by customer 13152
2025-04-24 20:09:40 - logger - INFO - No order has been placed by customer 10224
2025-04-24 20:09:40 - logger - INFO - No order has been placed by customer 12065
2025-04-24 20:09:40 - logger - INFO - No order has been placed by customer 14868
2025-04-24 20:09:40 - logger - INFO - No order has been placed by customer 11493
2025-04-24 20:09:40 - logger - INFO - No order has been placed by customer 14368
2025-04-24 20:09:40 - logger - INFO - No order has been placed by customer 11706
2025-04-24 20:09:40 - logger - INFO - No order has been placed by customer 12586
2025-04-24 20:09:40 - logger - INFO - No order has been placed by customer 10840
2025-04-24 20:09:40 - logger - INFO - full order summary for customer 10892 was requested. Successfully provided
2025-04-24 20:09:40 - logger - INFO - No order has been placed by customer 10838
2025-04-24 20:09:40 - logger - INFO - No order has been placed by customer 10527
2025-04-24 20:09:40 - logger - INFO - No order has been placed by customer 15155
2025-04-24 20:09:40 - logger - INFO - No order has been placed by customer 10575
2025-04-24 20:09:40 - logger - INFO - No order has been placed by customer 12003
2025-04-24 20:09:40 - logger - INFO - No order has been placed by customer 12134
2025-04-24 20:09:40 - logger - INFO - No order has been placed by customer 13719
2025-04-24 20:09:40 - logger - INFO - No order has been placed by customer 8934
2025-04-24 20:09:40 - logger - INFO - No order has been placed by customer 12293
2025-04-24 20:09:40 - logger - INFO - No order has been placed by customer 9541
2025-04-24 20:09:40 - logger - INFO - No order has been placed by customer 12384
2025-04-24 20:09:40 - logger - INFO - No order has been placed by customer 14941
2025-04-24 20:09:40 - logger - INFO - No order has been placed by customer 13193
2025-04-24 20:09:40 - logger - INFO - No order has been placed by customer 8944
2025-04-24 20:09:40 - logger - INFO - No order has been placed by customer 12488
2025-04-24 20:09:40 - logger - INFO - No order has been placed by customer 15746
2025-04-24 20:09:40 - logger - INFO - No order has been placed by customer 11230
2025-04-24 20:09:40 - logger - INFO - No order has been placed by customer 15852
2025-04-24 20:09:40 - logger - INFO - No order has been placed by customer 12345
2025-04-24 20:09:40 - logger - INFO - No order has been placed by customer 11968
2025-04-24 20:09:40 - logger - INFO - No order has been placed by customer 8652
2025-04-24 20:09:40 - logger - INFO - No order has been placed by customer 8898
2025-04-24 20:09:40 - logger - INFO - No order has been placed by customer 10251
2025-04-24 20:09:40 - logger - INFO - No order has been placed by customer 13714
2025-04-24 20:09:40 - logger - INFO - No order has been placed by customer 11573
2025-04-24 20:09:40 - logger - INFO - No order has been placed by customer 11378
2025-04-24 20:09:40 - logger - INFO - No order has been placed by customer 15885
2025-04-24 20:09:40 - logger - INFO - No order has been placed by customer 11866
2025-04-24 20:09:40 - logger - INFO - No order has been placed by customer 15046
2025-04-24 20:09:40 - logger - INFO - No order has been placed by customer 14440
2025-04-24 20:09:40 - logger - INFO - No order has been placed by customer 16017
2025-04-24 20:09:40 - logger - INFO - No order has been placed by customer 9491
2025-04-24 20:09:40 - logger - INFO - No order has been placed by customer 11934
2025-04-24 20:09:40 - logger - INFO - No order has been placed by customer 10944
2025-04-24 20:09:40 - logger - INFO - No order has been placed by customer 15774
2025-04-24 20:09:40 - logger - INFO - No order has been placed by customer 15670
2025-04-24 20:09:40 - logger - INFO - No order has been placed by customer 9668
2025-04-24 20:09:40 - logger - INFO - No order has been placed by customer 9977
2025-04-24 20:09:40 - logger - INFO - No order has been placed by customer 14038
2025-04-24 20:09:40 - logger - INFO - No order has been placed by customer 11404
2025-04-24 20:09:40 - logger - INFO - No order has been placed by customer 8652
2025-04-24 20:09:40 - logger - INFO - No order has been placed by customer 13210
2025-04-24 20:09:40 - logger - INFO - No order has been placed by customer 13777
2025-04-24 20:09:40 - logger - INFO - No order has been placed by customer 13638
2025-04-24 20:09:40 - logger - INFO - No order has been placed by customer 9600
2025-04-24 20:09:40 - logger - INFO - No order has been placed by customer 15930
2025-04-24 20:09:40 - logger - INFO - No order has been placed by customer 13100
2025-04-24 20:09:40 - logger - INFO - full order summary for customer 11084 was requested. Successfully provided
2025-04-24 20:09:40 - logger - INFO - No order has been placed by customer 9912
2025-04-24 20:09:40 - logger - INFO - No order has been placed by customer 15732
2025-04-24 20:09:40 - logger - INFO - No order has been placed by customer 12725
2025-04-24 20:09:40 - logger - INFO - No order has been placed by customer 13199
2025-04-24 20:09:40 - logger - INFO - No order has been placed by customer 12105
2025-04-24 20:09:40 - logger - INFO - No order has been placed by customer 11944
2025-04-24 20:09:40 - logger - INFO - No order has been placed by customer 9831
2025-04-24 20:09:40 - logger - INFO - No order has been placed by customer 10788
2025-04-24 20:09:40 - logger - INFO - No order has been placed by customer 9188
2025-04-24 20:09:40 - logger - INFO - No order has been placed by customer 16429
2025-04-24 20:09:40 - logger - INFO - No order has been placed by customer 14613
2025-04-24 20:09:40 - logger - INFO - No order has been placed by customer 10072
2025-04-24 20:09:40 - logger - INFO - No order has been placed by customer 13004
2025-04-24 20:09:40 - logger - INFO - No order has been placed by customer 13679
2025-04-24 20:09:40 - logger - INFO - No order has been placed by customer 13928
2025-04-24 20:09:40 - logger - INFO - No order has been placed by customer 13271
2025-04-24 20:09:40 - logger - INFO - No order has been placed by customer 9146
2025-04-24 20:09:40 - logger - INFO - No order has been placed by customer 11103
2025-04-24 20:09:40 - logger - INFO - No order has been placed by customer 16016
2025-04-24 20:09:40 - logger - INFO - No order has been placed by customer 10854
2025-04-24 20:09:40 - logger - INFO - No order has been placed by customer 14694
2025-04-24 20:09:40 - logger - INFO - No order has been placed by customer 14305
2025-04-24 20:09:40 - logger - INFO - No order has been placed by customer 9622
2025-04-24 20:09:40 - logger - INFO - No order has been placed by customer 12372
2025-04-24 20:09:40 - logger - INFO - No order has been placed by customer 9822
2025-04-24 20:09:40 - logger - INFO - No order has been placed by customer 10787
2025-04-24 20:09:40 - logger - INFO - No order has been placed by customer 12865
2025-04-24 20:09:40 - logger - INFO - No order has been placed by customer 12802
2025-04-24 20:09:40 - logger - INFO - No order has been placed by customer 14640
2025-04-24 20:09:40 - logger - INFO - No order has been placed by customer 16033
2025-04-24 20:09:40 - logger - INFO - No order has been placed by customer 14424
2025-04-24 20:09:40 - logger - INFO - No order has been placed by customer 9618
2025-04-24 20:09:40 - logger - INFO - No order has been placed by customer 10232
2025-04-24 20:09:40 - logger - INFO - No order has been placed by customer 13494
2025-04-24 20:09:40 - logger - INFO - No order has been placed by customer 15239
2025-04-24 20:09:40 - logger - INFO - No order has been placed by customer 9739
2025-04-24 20:09:40 - logger - INFO - No order has been placed by customer 15340
2025-04-24 20:09:40 - logger - INFO - No order has been placed by customer 14999
2025-04-24 20:09:40 - logger - INFO - No order has been placed by customer 12742
2025-04-24 20:09:40 - logger - INFO - No order has been placed by customer 10817
2025-04-24 20:09:40 - logger - INFO - No order has been placed by customer 11078
2025-04-24 20:09:40 - logger - INFO - No order has been placed by customer 12975
2025-04-24 20:09:40 - logger - INFO - No order has been placed by customer 11636
2025-04-24 20:09:40 - logger - INFO - No order has been placed by customer 13954
2025-04-24 20:09:40 - logger - INFO - No order has been placed by customer 15866
2025-04-24 20:09:40 - logger - INFO - No order has been placed by customer 11092
2025-04-24 20:09:40 - logger - INFO - No order has been placed by customer 11288
2025-04-24 20:09:40 - logger - INFO - full order summary for customer 14808 was requested. Successfully provided
2025-04-24 20:09:40 - logger - INFO - No order has been placed by customer 16343
2025-04-24 20:09:40 - logger - INFO - No order has been placed by customer 10428
2025-04-24 20:09:40 - logger - INFO - No order has been placed by customer 12862
2025-04-24 20:09:40 - logger - INFO - No order has been placed by customer 16461
2025-04-24 20:09:40 - logger - INFO - No order has been placed by customer 13915
2025-04-24 20:09:40 - logger - INFO - No order has been placed by customer 14575
2025-04-24 20:09:40 - logger - INFO - No order has been placed by customer 9346
2025-04-24 20:09:40 - logger - INFO - No order has been placed by customer 8580
2025-04-24 20:09:40 - logger - INFO - No order has been placed by customer 10003
2025-04-24 20:09:40 - logger - INFO - No order has been placed by customer 15020
2025-04-24 20:09:40 - logger - INFO - No order has been placed by customer 9547
2025-04-24 20:09:40 - logger - INFO - No order has been placed by customer 13632
2025-04-24 20:09:40 - logger - INFO - No order has been placed by customer 11047
2025-04-24 20:09:40 - logger - INFO - No order has been placed by customer 11651
2025-04-24 20:09:40 - logger - INFO - No order has been placed by customer 16376
2025-04-24 20:09:40 - logger - INFO - full order summary for customer 9281 was requested. Successfully provided
2025-04-24 20:09:40 - logger - INFO - No order has been placed by customer 11735
2025-04-24 20:09:40 - logger - INFO - No order has been placed by customer 16529
2025-04-24 20:09:40 - logger - INFO - No order has been placed by customer 10549
2025-04-24 20:09:40 - logger - INFO - No order has been placed by customer 9698
2025-04-24 20:09:40 - logger - INFO - No order has been placed by customer 11182
2025-04-24 20:09:40 - logger - INFO - No order has been placed by customer 9954
2025-04-24 20:09:40 - logger - INFO - No order has been placed by customer 10708
2025-04-24 20:09:40 - logger - INFO - No order has been placed by customer 10432
2025-04-24 20:09:40 - logger - INFO - No order has been placed by customer 11254
2025-04-24 20:09:40 - logger - INFO - No order has been placed by customer 12707
2025-04-24 20:09:40 - logger - INFO - No order has been placed by customer 11792
2025-04-24 20:09:40 - logger - INFO - No order has been placed by customer 12208
2025-04-24 20:09:40 - logger - INFO - No order has been placed by customer 11203
2025-04-24 20:09:40 - logger - INFO - No order has been placed by customer 11208
2025-04-24 20:09:40 - logger - INFO - full order summary for customer 9120 was requested. Successfully provided
2025-04-24 20:09:40 - logger - INFO - No order has been placed by customer 15995
2025-04-24 20:09:40 - logger - INFO - No order has been placed by customer 16203
2025-04-24 20:09:40 - logger - INFO - No order has been placed by customer 11781
2025-04-24 20:09:40 - logger - INFO - No order has been placed by customer 14080
2025-04-24 20:09:40 - logger - INFO - No order has been placed by customer 12427
2025-04-24 20:09:40 - logger - INFO - No order has been placed by customer 9237
2025-04-24 20:09:40 - logger - INFO - No order has been placed by customer 8985
2025-04-24 20:09:40 - logger - INFO - No order has been placed by customer 9206
2025-04-24 20:09:40 - logger - INFO - No order has been placed by customer 12673
2025-04-24 20:09:40 - logger - INFO - full order summary for customer 14265 was requested. Successfully provided
2025-04-24 20:09:40 - logger - INFO - No order has been placed by customer 15269
2025-04-24 20:09:40 - logger - INFO - No order has been placed by customer 13698
2025-04-24 20:09:40 - logger - INFO - full order summary for customer 13752 was requested. Successfully provided
2025-04-24 20:09:40 - logger - INFO - No order has been placed by customer 12008
2025-04-24 20:09:40 - logger - INFO - No order has been placed by customer 16608
2025-04-24 20:09:40 - logger - INFO - No order has been placed by customer 15634
2025-04-24 20:09:40 - logger - INFO - No order has been placed by customer 13674
2025-04-24 20:09:40 - logger - INFO - No order has been placed by customer 15653
2025-04-24 20:09:40 - logger - INFO - No order has been placed by customer 13469
2025-04-24 20:09:40 - logger - INFO - No order has been placed by customer 13571
2025-04-24 20:09:40 - logger - INFO - No order has been placed by customer 12061
2025-04-24 20:09:40 - logger - INFO - No order has been placed by customer 9529
2025-04-24 20:09:40 - logger - INFO - No order has been placed by customer 10092
2025-04-24 20:09:40 - logger - INFO - full order summary for customer 8560 was requested. Successfully provided
2025-04-24 20:09:40 - logger - INFO - No order has been placed by customer 15271
2025-04-24 20:09:40 - logger - INFO - No order has been placed by customer 8968
2025-04-24 20:09:40 - logger - INFO - No order has been placed by customer 16289
2025-04-24 20:09:40 - logger - INFO - No order has been placed by customer 11995
2025-04-24 20:09:40 - logger - INFO - No order has been placed by customer 9500
2025-04-24 20:09:40 - logger - INFO - No order has been placed by customer 16358
2025-04-24 20:09:40 - logger - INFO - No order has been placed by customer 15935
2025-04-24 20:09:40 - logger - INFO - No order has been placed by customer 8695
2025-04-24 20:09:40 - logger - INFO - No order has been placed by customer 11294
2025-04-24 20:09:40 - logger - INFO - No order has been placed by customer 13315
2025-04-24 20:09:40 - logger - INFO - No order has been placed by customer 12735
2025-04-24 20:09:40 - logger - INFO - No order has been placed by customer 11467
2025-04-24 20:09:40 - logger - INFO - No order has been placed by customer 12649
2025-04-24 20:09:40 - logger - INFO - No order has been placed by customer 10644
2025-04-24 20:09:40 - logger - INFO - full order summary for customer 10623 was requested. Successfully provided
2025-04-24 20:09:40 - logger - INFO - No order has been placed by customer 15685
2025-04-24 20:09:40 - logger - INFO - No order has been placed by customer 11304
2025-04-24 20:09:40 - logger - INFO - No order has been placed by customer 10346
2025-04-24 20:09:40 - logger - INFO - No order has been placed by customer 10590
2025-04-24 20:09:40 - logger - INFO - No order has been placed by customer 14475
2025-04-24 20:09:40 - logger - INFO - No order has been placed by customer 15242
2025-04-24 20:09:40 - logger - INFO - No order has been placed by customer 13133
2025-04-24 20:09:40 - logger - INFO - full order summary for customer 14192 was requested. Successfully provided
2025-04-24 20:09:40 - logger - INFO - No order has been placed by customer 9590
2025-04-24 20:09:40 - logger - INFO - No order has been placed by customer 14706
2025-04-24 20:09:40 - logger - INFO - No order has been placed by customer 16427
2025-04-24 20:09:40 - logger - INFO - full order summary for customer 10359 was requested. Successfully provided
2025-04-24 20:09:40 - logger - INFO - No order has been placed by customer 14433
2025-04-24 20:09:40 - logger - INFO - No order has been placed by customer 9480
2025-04-24 20:09:40 - logger - INFO - No order has been placed by customer 8791
2025-04-24 20:09:40 - logger - INFO - No order has been placed by customer 15273
2025-04-24 20:09:40 - logger - INFO - No order has been placed by customer 10126
2025-04-24 20:09:40 - logger - INFO - No order has been placed by customer 11209
2025-04-24 20:09:40 - logger - INFO - No order has been placed by customer 13824
2025-04-24 20:09:40 - logger - INFO - No order has been placed by customer 14928
2025-04-24 20:09:40 - logger - INFO - No order has been placed by customer 10195
2025-04-24 20:09:40 - logger - INFO - No order has been placed by customer 16510
2025-04-24 20:09:40 - logger - INFO - No order has been placed by customer 9451
2025-04-24 20:09:40 - logger - INFO - No order has been placed by customer 15127
2025-04-24 20:09:40 - logger - INFO - No order has been placed by customer 10145
2025-04-24 20:09:40 - logger - INFO - full order summary for customer 9141 was requested. Successfully provided
2025-04-24 20:09:40 - logger - INFO - full order summary for customer 9246 was requested. Successfully provided
2025-04-24 20:09:40 - logger - INFO - No order has been placed by customer 14229
2025-04-24 20:09:40 - logger - INFO - No order has been placed by customer 11083
2025-04-24 20:09:40 - logger - INFO - No order has been placed by customer 14950
2025-04-24 20:09:40 - logger - INFO - No order has been placed by customer 12239
2025-04-24 20:09:40 - logger - INFO - No order has been placed by customer 15299
2025-04-24 20:09:40 - logger - INFO - No order has been placed by customer 10367
2025-04-24 20:09:40 - logger - INFO - No order has been placed by customer 12513
2025-04-24 20:09:40 - logger - INFO - No order has been placed by customer 15503
2025-04-24 20:09:40 - logger - INFO - No order has been placed by customer 11020
2025-04-24 20:09:40 - logger - INFO - No order has been placed by customer 12127
2025-04-24 20:09:40 - logger - INFO - No order has been placed by customer 12333
2025-04-24 20:09:40 - logger - INFO - No order has been placed by customer 8648
2025-04-24 20:09:40 - logger - INFO - No order has been placed by customer 13676
2025-04-24 20:09:40 - logger - INFO - No order has been placed by customer 10626
2025-04-24 20:09:40 - logger - INFO - No order has been placed by customer 12930
2025-04-24 20:09:40 - logger - INFO - No order has been placed by customer 13009
2025-04-24 20:09:40 - logger - INFO - No order has been placed by customer 11393
2025-04-24 20:09:40 - logger - INFO - No order has been placed by customer 14082
2025-04-24 20:09:40 - logger - INFO - No order has been placed by customer 13636
2025-04-24 20:09:40 - logger - INFO - No order has been placed by customer 8933
2025-04-24 20:09:40 - logger - INFO - No order has been placed by customer 13030
2025-04-24 20:09:40 - logger - INFO - No order has been placed by customer 9566
2025-04-24 20:09:40 - logger - INFO - No order has been placed by customer 13353
2025-04-24 20:09:40 - logger - INFO - full order summary for customer 8946 was requested. Successfully provided
2025-04-24 20:09:40 - logger - INFO - No order has been placed by customer 10146
2025-04-24 20:09:40 - logger - INFO - No order has been placed by customer 11318
2025-04-24 20:09:40 - logger - INFO - No order has been placed by customer 11161
2025-04-24 20:09:40 - logger - INFO - No order has been placed by customer 12213
2025-04-24 20:09:40 - logger - INFO - full order summary for customer 13427 was requested. Successfully provided
2025-04-24 20:09:40 - logger - INFO - No order has been placed by customer 14090
2025-04-24 20:09:40 - logger - INFO - No order has been placed by customer 10256
2025-04-24 20:09:40 - logger - INFO - No order has been placed by customer 11682
2025-04-24 20:09:40 - logger - INFO - No order has been placed by customer 13106
2025-04-24 20:09:40 - logger - INFO - No order has been placed by customer 15722
2025-04-24 20:09:40 - logger - INFO - No order has been placed by customer 13953
2025-04-24 20:09:40 - logger - INFO - No order has been placed by customer 9786
2025-04-24 20:09:40 - logger - INFO - No order has been placed by customer 16382
2025-04-24 20:09:40 - logger - INFO - No order has been placed by customer 10846
2025-04-24 20:09:40 - logger - INFO - No order has been placed by customer 10834
2025-04-24 20:09:40 - logger - INFO - No order has been placed by customer 15523
2025-04-24 20:09:40 - logger - INFO - No order has been placed by customer 13613
2025-04-24 20:09:40 - logger - INFO - No order has been placed by customer 12724
2025-04-24 20:09:40 - logger - INFO - No order has been placed by customer 9189
2025-04-24 20:09:40 - logger - INFO - No order has been placed by customer 13430
2025-04-24 20:09:40 - logger - INFO - No order has been placed by customer 13708
2025-04-24 20:09:40 - logger - INFO - No order has been placed by customer 9821
2025-04-24 20:09:40 - logger - INFO - full order summary for customer 15808 was requested. Successfully provided
2025-04-24 20:09:40 - logger - INFO - No order has been placed by customer 12780
2025-04-24 20:09:40 - logger - INFO - No order has been placed by customer 14527
2025-04-24 20:09:40 - logger - INFO - No order has been placed by customer 15637
2025-04-24 20:09:40 - logger - INFO - No order has been placed by customer 14876
2025-04-24 20:09:40 - logger - INFO - full order summary for customer 15954 was requested. Successfully provided
2025-04-24 20:09:40 - logger - INFO - No order has been placed by customer 13268
2025-04-24 20:09:40 - logger - INFO - No order has been placed by customer 12275
2025-04-24 20:09:40 - logger - INFO - No order has been placed by customer 13177
2025-04-24 20:09:40 - logger - INFO - No order has been placed by customer 11205
2025-04-24 20:09:40 - logger - INFO - No order has been placed by customer 10626
2025-04-24 20:09:40 - logger - INFO - No order has been placed by customer 11701
2025-04-24 20:09:40 - logger - INFO - No order has been placed by customer 15099
2025-04-24 20:09:40 - logger - INFO - No order has been placed by customer 10956
2025-04-24 20:09:40 - logger - INFO - No order has been placed by customer 12392
2025-04-24 20:09:40 - logger - INFO - No order has been placed by customer 15845
2025-04-24 20:09:40 - logger - INFO - No order has been placed by customer 16100
2025-04-24 20:09:40 - logger - INFO - No order has been placed by customer 15725
2025-04-24 20:09:40 - logger - INFO - No order has been placed by customer 12763
2025-04-24 20:09:40 - logger - INFO - No order has been placed by customer 9841
2025-04-24 20:09:40 - logger - INFO - No order has been placed by customer 14044
2025-04-24 20:09:40 - logger - INFO - No order has been placed by customer 11848
2025-04-24 20:09:40 - logger - INFO - No order has been placed by customer 15747
2025-04-24 20:09:40 - logger - INFO - No order has been placed by customer 14878
2025-04-24 20:09:40 - logger - INFO - No order has been placed by customer 16330
2025-04-24 20:09:40 - logger - INFO - No order has been placed by customer 12831
2025-04-24 20:09:40 - logger - INFO - No order has been placed by customer 8878
2025-04-24 20:09:40 - logger - INFO - No order has been placed by customer 10169
2025-04-24 20:09:40 - logger - INFO - No order has been placed by customer 14411
2025-04-24 20:09:40 - logger - INFO - No order has been placed by customer 16540
2025-04-24 20:09:40 - logger - INFO - No order has been placed by customer 16517
2025-04-24 20:09:40 - logger - INFO - No order has been placed by customer 14781
2025-04-24 20:09:40 - logger - INFO - No order has been placed by customer 12645
2025-04-24 20:09:40 - logger - INFO - No order has been placed by customer 11944
2025-04-24 20:09:40 - logger - INFO - No order has been placed by customer 12512
2025-04-24 20:09:40 - logger - INFO - No order has been placed by customer 12530
2025-04-24 20:09:40 - logger - INFO - No order has been placed by customer 10890
2025-04-24 20:09:40 - logger - INFO - No order has been placed by customer 9390
2025-04-24 20:09:40 - logger - INFO - No order has been placed by customer 8801
2025-04-24 20:09:40 - logger - INFO - No order has been placed by customer 8568
2025-04-24 20:09:40 - logger - INFO - No order has been placed by customer 12816
2025-04-24 20:09:40 - logger - INFO - No order has been placed by customer 12190
2025-04-24 20:09:40 - logger - INFO - No order has been placed by customer 11805
2025-04-24 20:09:40 - logger - INFO - No order has been placed by customer 13997
2025-04-24 20:09:40 - logger - INFO - No order has been placed by customer 14572
2025-04-24 20:09:40 - logger - INFO - No order has been placed by customer 13216
2025-04-24 20:09:40 - logger - INFO - full order summary for customer 9973 was requested. Successfully provided
2025-04-24 20:09:40 - logger - INFO - No order has been placed by customer 13013
2025-04-24 20:09:40 - logger - INFO - No order has been placed by customer 12052
2025-04-24 20:09:40 - logger - INFO - No order has been placed by customer 10142
2025-04-24 20:09:40 - logger - INFO - No order has been placed by customer 10577
2025-04-24 20:09:40 - logger - INFO - No order has been placed by customer 15617
2025-04-24 20:09:40 - logger - INFO - No order has been placed by customer 9789
2025-04-24 20:09:40 - logger - INFO - full order summary for customer 11889 was requested. Successfully provided
2025-04-24 20:09:40 - logger - INFO - No order has been placed by customer 11376
2025-04-24 20:09:40 - logger - INFO - No order has been placed by customer 9461
2025-04-24 20:09:40 - logger - INFO - No order has been placed by customer 11033
2025-04-24 20:09:40 - logger - INFO - No order has been placed by customer 12486
2025-04-24 20:09:40 - logger - INFO - No order has been placed by customer 8763
2025-04-24 20:09:40 - logger - INFO - No order has been placed by customer 15942
2025-04-24 20:09:40 - logger - INFO - No order has been placed by customer 16441
2025-04-24 20:09:40 - logger - INFO - No order has been placed by customer 16417
2025-04-24 20:09:40 - logger - INFO - No order has been placed by customer 16447
2025-04-24 20:09:40 - logger - INFO - No order has been placed by customer 13901
2025-04-24 20:09:40 - logger - INFO - No order has been placed by customer 8807
2025-04-24 20:09:40 - logger - INFO - No order has been placed by customer 15501
2025-04-24 20:09:40 - logger - INFO - No order has been placed by customer 11433
2025-04-24 20:09:40 - logger - INFO - No order has been placed by customer 15513
2025-04-24 20:09:40 - logger - INFO - No order has been placed by customer 15460
2025-04-24 20:09:40 - logger - INFO - No order has been placed by customer 16175
2025-04-24 20:09:40 - logger - INFO - No order has been placed by customer 16112
2025-04-24 20:09:40 - logger - INFO - No order has been placed by customer 16417
2025-04-24 20:09:40 - logger - INFO - No order has been placed by customer 9822
2025-04-24 20:09:40 - logger - INFO - No order has been placed by customer 14790
2025-04-24 20:09:40 - logger - INFO - No order has been placed by customer 15088
2025-04-24 20:09:40 - logger - INFO - No order has been placed by customer 11250
2025-04-24 20:09:40 - logger - INFO - No order has been placed by customer 11723
2025-04-24 20:09:40 - logger - INFO - No order has been placed by customer 8949
2025-04-24 20:09:40 - logger - INFO - No order has been placed by customer 10177
2025-04-24 20:09:40 - logger - INFO - No order has been placed by customer 10424
2025-04-24 20:09:40 - logger - INFO - No order has been placed by customer 16349
2025-04-24 20:09:40 - logger - INFO - No order has been placed by customer 9844
2025-04-24 20:09:40 - logger - INFO - No order has been placed by customer 8981
2025-04-24 20:09:40 - logger - INFO - No order has been placed by customer 16205
2025-04-24 20:09:40 - logger - INFO - No order has been placed by customer 12938
2025-04-24 20:09:40 - logger - INFO - No order has been placed by customer 16203
2025-04-24 20:09:40 - logger - INFO - No order has been placed by customer 10135
2025-04-24 20:09:40 - logger - INFO - No order has been placed by customer 12378
2025-04-24 20:09:40 - logger - INFO - No order has been placed by customer 9831
2025-04-24 20:09:40 - logger - INFO - No order has been placed by customer 13967
2025-04-24 20:09:40 - logger - INFO - full order summary for customer 16212 was requested. Successfully provided
2025-04-24 20:09:40 - logger - INFO - No order has been placed by customer 10618
2025-04-24 20:09:40 - logger - INFO - No order has been placed by customer 10899
2025-04-24 20:09:40 - logger - INFO - No order has been placed by customer 14311
2025-04-24 20:09:40 - logger - INFO - No order has been placed by customer 12566
2025-04-24 20:09:40 - logger - INFO - No order has been placed by customer 15123
2025-04-24 20:09:40 - logger - INFO - No order has been placed by customer 16601
2025-04-24 20:09:40 - logger - INFO - No order has been placed by customer 16135
2025-04-24 20:09:40 - logger - INFO - full order summary for customer 10606 was requested. Successfully provided
2025-04-24 20:09:40 - logger - INFO - No order has been placed by customer 10429
2025-04-24 20:09:40 - logger - INFO - No order has been placed by customer 9806
2025-04-24 20:09:40 - logger - INFO - No order has been placed by customer 10956
2025-04-24 20:09:40 - logger - INFO - No order has been placed by customer 9538
2025-04-24 20:09:40 - logger - INFO - No order has been placed by customer 12701
2025-04-24 20:09:40 - logger - INFO - No order has been placed by customer 13619
2025-04-24 20:09:40 - logger - INFO - No order has been placed by customer 10526
2025-04-24 20:09:40 - logger - INFO - No order has been placed by customer 13349
2025-04-24 20:09:40 - logger - INFO - No order has been placed by customer 13859
2025-04-24 20:09:40 - logger - INFO - No order has been placed by customer 10128
2025-04-24 20:09:40 - logger - INFO - No order has been placed by customer 9284
2025-04-24 20:09:40 - logger - INFO - No order has been placed by customer 8837
2025-04-24 20:09:40 - logger - INFO - No order has been placed by customer 9358
2025-04-24 20:09:40 - logger - INFO - No order has been placed by customer 13144
2025-04-24 20:09:40 - logger - INFO - No order has been placed by customer 10875
2025-04-24 20:09:40 - logger - INFO - No order has been placed by customer 15884
2025-04-24 20:09:40 - logger - INFO - No order has been placed by customer 15646
2025-04-24 20:09:40 - logger - INFO - No order has been placed by customer 8766
2025-04-24 20:09:40 - logger - INFO - No order has been placed by customer 9218
2025-04-24 20:09:40 - logger - INFO - No order has been placed by customer 12780
2025-04-24 20:09:40 - logger - INFO - No order has been placed by customer 14403
2025-04-24 20:09:40 - logger - INFO - No order has been placed by customer 13419
2025-04-24 20:09:40 - logger - INFO - No order has been placed by customer 14611
2025-04-24 20:09:40 - logger - INFO - No order has been placed by customer 16367
2025-04-24 20:09:40 - logger - INFO - No order has been placed by customer 14812
2025-04-24 20:09:40 - logger - INFO - No order has been placed by customer 12278
2025-04-24 20:09:40 - logger - INFO - No order has been placed by customer 16349
2025-04-24 20:09:40 - logger - INFO - No order has been placed by customer 12610
2025-04-24 20:09:40 - logger - INFO - No order has been placed by customer 15048
2025-04-24 20:09:40 - logger - INFO - No order has been placed by customer 8704
2025-04-24 20:09:40 - logger - INFO - No order has been placed by customer 11357
2025-04-24 20:09:40 - logger - INFO - No order has been placed by customer 16537
2025-04-24 20:09:40 - logger - INFO - No order has been placed by customer 15113
2025-04-24 20:09:40 - logger - INFO - No order has been placed by customer 10423
2025-04-24 20:09:40 - logger - INFO - No order has been placed by customer 13803
2025-04-24 20:09:40 - logger - INFO - No order has been placed by customer 11004
2025-04-24 20:09:40 - logger - INFO - No order has been placed by customer 14568
2025-04-24 20:09:40 - logger - INFO - No order has been placed by customer 15798
2025-04-24 20:09:40 - logger - INFO - No order has been placed by customer 13769
2025-04-24 20:09:40 - logger - INFO - No order has been placed by customer 10963
2025-04-24 20:09:40 - logger - INFO - No order has been placed by customer 9848
2025-04-24 20:09:40 - logger - INFO - No order has been placed by customer 12292
2025-04-24 20:09:40 - logger - INFO - No order has been placed by customer 10802
2025-04-24 20:09:40 - logger - INFO - No order has been placed by customer 10262
2025-04-24 20:09:40 - logger - INFO - No order has been placed by customer 10402
2025-04-24 20:09:40 - logger - INFO - No order has been placed by customer 13892
2025-04-24 20:09:40 - logger - INFO - No order has been placed by customer 9339
2025-04-24 20:09:40 - logger - INFO - No order has been placed by customer 9578
2025-04-24 20:09:40 - logger - INFO - No order has been placed by customer 13215
2025-04-24 20:09:40 - logger - INFO - No order has been placed by customer 15753
2025-04-24 20:09:40 - logger - INFO - No order has been placed by customer 9891
2025-04-24 20:09:40 - logger - INFO - No order has been placed by customer 10199
2025-04-24 20:09:40 - logger - INFO - full order summary for customer 10799 was requested. Successfully provided
2025-04-24 20:09:40 - logger - INFO - No order has been placed by customer 15780
2025-04-24 20:09:40 - logger - INFO - No order has been placed by customer 11672
2025-04-24 20:09:40 - logger - INFO - No order has been placed by customer 12678
2025-04-24 20:09:40 - logger - INFO - No order has been placed by customer 13022
2025-04-24 20:09:40 - logger - INFO - No order has been placed by customer 16303
2025-04-24 20:09:40 - logger - INFO - No order has been placed by customer 9071
2025-04-24 20:09:40 - logger - INFO - No order has been placed by customer 11026
2025-04-24 20:09:40 - logger - INFO - No order has been placed by customer 11746
2025-04-24 20:09:40 - logger - INFO - No order has been placed by customer 13225
2025-04-24 20:09:40 - logger - INFO - No order has been placed by customer 12641
2025-04-24 20:09:40 - logger - INFO - No order has been placed by customer 11859
2025-04-24 20:09:40 - logger - INFO - No order has been placed by customer 15251
2025-04-24 20:09:40 - logger - INFO - No order has been placed by customer 16210
2025-04-24 20:09:40 - logger - INFO - No order has been placed by customer 10701
2025-04-24 20:09:40 - logger - INFO - No order has been placed by customer 9000
2025-04-24 20:09:40 - logger - INFO - No order has been placed by customer 14284
2025-04-24 20:09:40 - logger - INFO - No order has been placed by customer 9327
2025-04-24 20:09:40 - logger - INFO - No order has been placed by customer 12873
2025-04-24 20:09:40 - logger - INFO - No order has been placed by customer 11079
2025-04-24 20:09:40 - logger - INFO - No order has been placed by customer 10633
2025-04-24 20:09:40 - logger - INFO - No order has been placed by customer 8838
2025-04-24 20:09:40 - logger - INFO - No order has been placed by customer 15557
2025-04-24 20:09:40 - logger - INFO - No order has been placed by customer 14269
2025-04-24 20:09:40 - logger - INFO - No order has been placed by customer 9221
2025-04-24 20:09:40 - logger - INFO - No order has been placed by customer 11409
2025-04-24 20:09:40 - logger - INFO - No order has been placed by customer 12085
2025-04-24 20:09:40 - logger - INFO - full order summary for customer 10330 was requested. Successfully provided
2025-04-24 20:09:40 - logger - INFO - No order has been placed by customer 10727
2025-04-24 20:09:40 - logger - INFO - No order has been placed by customer 9182
2025-04-24 20:09:40 - logger - INFO - No order has been placed by customer 11194
2025-04-24 20:09:40 - logger - INFO - No order has been placed by customer 14366
2025-04-24 20:09:40 - logger - INFO - No order has been placed by customer 9444
2025-04-24 20:09:40 - logger - INFO - No order has been placed by customer 12337
2025-04-24 20:09:40 - logger - INFO - No order has been placed by customer 10782
2025-04-24 20:09:40 - logger - INFO - No order has been placed by customer 14623
2025-04-24 20:09:40 - logger - INFO - full order summary for customer 8908 was requested. Successfully provided
2025-04-24 20:09:40 - logger - INFO - No order has been placed by customer 11727
2025-04-24 20:09:40 - logger - INFO - No order has been placed by customer 13379
2025-04-24 20:09:40 - logger - INFO - No order has been placed by customer 14824
2025-04-24 20:09:40 - logger - INFO - No order has been placed by customer 9532
2025-04-24 20:09:40 - logger - INFO - No order has been placed by customer 13810
2025-04-24 20:09:40 - logger - INFO - No order has been placed by customer 13522
2025-04-24 20:09:40 - logger - INFO - No order has been placed by customer 12020
2025-04-24 20:09:40 - logger - INFO - No order has been placed by customer 9069
2025-04-24 20:09:40 - logger - INFO - No order has been placed by customer 12012
2025-04-24 20:09:40 - logger - INFO - No order has been placed by customer 9227
2025-04-24 20:09:40 - logger - INFO - No order has been placed by customer 16087
2025-04-24 20:09:40 - logger - INFO - No order has been placed by customer 16248
2025-04-24 20:09:40 - logger - INFO - No order has been placed by customer 14278
2025-04-24 20:09:40 - logger - INFO - No order has been placed by customer 10500
2025-04-24 20:09:40 - logger - INFO - No order has been placed by customer 16175
2025-04-24 20:09:40 - logger - INFO - No order has been placed by customer 9369
2025-04-24 20:09:40 - logger - INFO - No order has been placed by customer 14194
2025-04-24 20:09:40 - logger - INFO - No order has been placed by customer 12827
2025-04-24 20:09:40 - logger - INFO - No order has been placed by customer 12885
2025-04-24 20:09:40 - logger - INFO - No order has been placed by customer 12330
2025-04-24 20:09:40 - logger - INFO - No order has been placed by customer 15709
2025-04-24 20:09:40 - logger - INFO - No order has been placed by customer 8691
2025-04-24 20:09:40 - logger - INFO - No order has been placed by customer 14159
2025-04-24 20:09:40 - logger - INFO - No order has been placed by customer 15210
2025-04-24 20:09:40 - logger - INFO - full order summary for customer 15263 was requested. Successfully provided
2025-04-24 20:09:40 - logger - INFO - No order has been placed by customer 9067
2025-04-24 20:09:40 - logger - INFO - No order has been placed by customer 10913
2025-04-24 20:09:40 - logger - INFO - No order has been placed by customer 15639
2025-04-24 20:09:40 - logger - INFO - full order summary for customer 10352 was requested. Successfully provided
2025-04-24 20:09:40 - logger - INFO - No order has been placed by customer 8783
2025-04-24 20:09:40 - logger - INFO - No order has been placed by customer 15911
2025-04-24 20:09:40 - logger - INFO - No order has been placed by customer 12652
2025-04-24 20:09:40 - logger - INFO - No order has been placed by customer 9448
2025-04-24 20:09:40 - logger - INFO - No order has been placed by customer 13824
2025-04-24 20:09:40 - logger - INFO - No order has been placed by customer 13899
2025-04-24 20:09:40 - logger - INFO - No order has been placed by customer 15914
2025-04-24 20:09:40 - logger - INFO - full order summary for customer 10794 was requested. Successfully provided
2025-04-24 20:09:40 - logger - INFO - No order has been placed by customer 9502
2025-04-24 20:09:40 - logger - INFO - No order has been placed by customer 12970
2025-04-24 20:09:40 - logger - INFO - No order has been placed by customer 9556
2025-04-24 20:09:40 - logger - INFO - No order has been placed by customer 13946
2025-04-24 20:09:40 - logger - INFO - No order has been placed by customer 9666
2025-04-24 20:09:40 - logger - INFO - No order has been placed by customer 16265
2025-04-24 20:09:40 - logger - INFO - No order has been placed by customer 13629
2025-04-24 20:09:40 - logger - INFO - No order has been placed by customer 16369
2025-04-24 20:09:40 - logger - INFO - No order has been placed by customer 9209
2025-04-24 20:09:40 - logger - INFO - full order summary for customer 11855 was requested. Successfully provided
2025-04-24 20:09:40 - logger - INFO - No order has been placed by customer 11122
2025-04-24 20:09:40 - logger - INFO - No order has been placed by customer 9455
2025-04-24 20:09:40 - logger - INFO - No order has been placed by customer 9848
2025-04-24 20:09:40 - logger - INFO - full order summary for customer 12171 was requested. Successfully provided
2025-04-24 20:09:40 - logger - INFO - No order has been placed by customer 14150
2025-04-24 20:09:40 - logger - INFO - No order has been placed by customer 10960
2025-04-24 20:09:40 - logger - INFO - No order has been placed by customer 13803
2025-04-24 20:09:40 - logger - INFO - No order has been placed by customer 13843
2025-04-24 20:09:40 - logger - INFO - No order has been placed by customer 11201
2025-04-24 20:09:40 - logger - INFO - No order has been placed by customer 12881
2025-04-24 20:09:40 - logger - INFO - No order has been placed by customer 14170
2025-04-24 20:09:40 - logger - INFO - No order has been placed by customer 12351
2025-04-24 20:09:40 - logger - INFO - No order has been placed by customer 9350
2025-04-24 20:09:40 - logger - INFO - No order has been placed by customer 14568
2025-04-24 20:09:40 - logger - INFO - No order has been placed by customer 13801
2025-04-24 20:09:40 - logger - INFO - No order has been placed by customer 10005
2025-04-24 20:09:40 - logger - INFO - No order has been placed by customer 15928
2025-04-24 20:09:40 - logger - INFO - No order has been placed by customer 14750
2025-04-24 20:09:40 - logger - INFO - full order summary for customer 12772 was requested. Successfully provided
2025-04-24 20:09:40 - logger - INFO - No order has been placed by customer 15513
2025-04-24 20:09:40 - logger - INFO - No order has been placed by customer 15140
2025-04-24 20:09:40 - logger - INFO - No order has been placed by customer 15541
2025-04-24 20:09:40 - logger - INFO - No order has been placed by customer 13516
2025-04-24 20:09:40 - logger - INFO - No order has been placed by customer 13014
2025-04-24 20:09:40 - logger - INFO - No order has been placed by customer 14419
2025-04-24 20:09:40 - logger - INFO - No order has been placed by customer 10513
2025-04-24 20:09:40 - logger - INFO - No order has been placed by customer 13961
2025-04-24 20:09:40 - logger - INFO - No order has been placed by customer 11152
2025-04-24 20:09:40 - logger - INFO - No order has been placed by customer 11275
2025-04-24 20:09:40 - logger - INFO - full order summary for customer 10792 was requested. Successfully provided
2025-04-24 20:09:40 - logger - INFO - No order has been placed by customer 11710
2025-04-24 20:09:40 - logger - INFO - No order has been placed by customer 14990
2025-04-24 20:09:40 - logger - INFO - No order has been placed by customer 10332
2025-04-24 20:09:40 - logger - INFO - full order summary for customer 15073 was requested. Successfully provided
2025-04-24 20:09:40 - logger - INFO - No order has been placed by customer 9563
2025-04-24 20:09:40 - logger - INFO - No order has been placed by customer 12150
2025-04-24 20:09:40 - logger - INFO - full order summary for customer 15547 was requested. Successfully provided
2025-04-24 20:09:40 - logger - INFO - No order has been placed by customer 12882
2025-04-24 20:09:40 - logger - INFO - No order has been placed by customer 8832
2025-04-24 20:09:40 - logger - INFO - No order has been placed by customer 9770
2025-04-24 20:09:40 - logger - INFO - No order has been placed by customer 16017
2025-04-24 20:09:40 - logger - INFO - No order has been placed by customer 15507
2025-04-24 20:09:40 - logger - INFO - No order has been placed by customer 11455
2025-04-24 20:09:40 - logger - INFO - No order has been placed by customer 15050
2025-04-24 20:09:40 - logger - INFO - No order has been placed by customer 11770
2025-04-24 20:09:40 - logger - INFO - No order has been placed by customer 16550
2025-04-24 20:09:40 - logger - INFO - No order has been placed by customer 14677
2025-04-24 20:09:40 - logger - INFO - No order has been placed by customer 13715
2025-04-24 20:09:40 - logger - INFO - No order has been placed by customer 15881
2025-04-24 20:09:40 - logger - INFO - full order summary for customer 12336 was requested. Successfully provided
2025-04-24 20:09:40 - logger - INFO - No order has been placed by customer 14860
2025-04-24 20:09:40 - logger - INFO - No order has been placed by customer 14748
2025-04-24 20:09:40 - logger - INFO - No order has been placed by customer 13364
2025-04-24 20:09:40 - logger - INFO - No order has been placed by customer 13109
2025-04-24 20:09:40 - logger - INFO - No order has been placed by customer 9430
2025-04-24 20:09:40 - logger - INFO - No order has been placed by customer 13488
2025-04-24 20:09:40 - logger - INFO - No order has been placed by customer 9668
2025-04-24 20:09:40 - logger - INFO - No order has been placed by customer 14620
2025-04-24 20:09:40 - logger - INFO - No order has been placed by customer 15210
2025-04-24 20:09:40 - logger - INFO - bringing workload down in 10secs...

########################################################################################
Time of Logging: 2025-04-24 20:09:44
                       Transactions Total Pass Fail
           orders_ofcust_customdate   330  330    0
           summarise_orders_forcust   330  330    0
summarise_orders_forcust_customdate   330  330    0
                              Total   990  990    0
------------------------------------------------------------------------------------------
2025-04-24 20:09:50 - logger - INFO - workload is ended
